2025-06-02 02:18:14 - Completed: comic_add - {'comic_id': 'black-clover-indonesia', 'url': 'https://komiku.org/manga/black-clover-indonesia'}
2025-06-02 02:32:40 - Completed: comic_add - {'comic_id': 'black-clover-indonesia', 'url': 'https://komiku.org/manga/black-clover-indonesia'}
2025-06-02 02:32:42 - Completed: comic_add - {'comic_id': 'black-clover-indonesia', 'url': 'https://komiku.org/manga/black-clover-indonesia'}
2025-06-02 05:44:51 - Completed: comic_add - {'comic_id': 'black-clover-indonesia', 'url': 'https://komiku.org/manga/black-clover-indonesia'}
2025-06-02 05:44:52 - Completed: comic_add - {'comic_id': 'black-clover-indonesia', 'url': 'https://komiku.org/manga/black-clover-indonesia'}
2025-06-02 05:44:55 - Completed: comic_add - {'comic_id': 'black-clover-indonesia', 'url': 'https://komiku.org/manga/black-clover-indonesia'}
2025-06-02 05:44:57 - Completed: comic_add - {'comic_id': 'black-clover-indonesia', 'url': 'https://komiku.org/manga/black-clover-indonesia'}
2025-06-02 05:44:59 - Completed: comic_add - {'comic_id': 'magic-emperor', 'url': 'https://komiku.org/manga/magic-emperor'}
2025-06-02 05:45:01 - Completed: comic_add - {'comic_id': 'magic-emperor', 'url': 'https://komiku.org/manga/magic-emperor'}
2025-06-02 05:45:04 - Completed: comic_add - {'comic_id': 'magic-emperor', 'url': 'https://komiku.org/manga/magic-emperor'}
2025-06-02 05:45:06 - Completed: comic_add - {'comic_id': 'magic-emperor', 'url': 'https://komiku.org/manga/magic-emperor'}
2025-06-02 05:45:08 - Completed: comic_add - {'comic_id': 'blue-lock', 'url': 'https://komiku.org/manga/blue-lock'}
2025-06-02 05:45:10 - Completed: comic_add - {'comic_id': 'magic-emperor', 'url': 'https://komiku.org/manga/magic-emperor'}
2025-06-02 05:45:12 - Completed: comic_add - {'comic_id': 'blue-lock', 'url': 'https://komiku.org/manga/blue-lock'}
2025-06-02 05:45:14 - Completed: comic_add - {'comic_id': 'black-clover-indonesia', 'url': 'https://komiku.org/manga/black-clover-indonesia/'}
2025-06-02 05:45:16 - Completed: comic_update - {'comic_id': 'magic-emperor', 'url': 'https://komiku.org/manga/magic-emperor'}
2025-06-02 05:45:19 - Completed: comic_update - {'comic_id': 'blue-lock', 'url': 'https://komiku.org/manga/blue-lock'}
2025-06-02 05:45:22 - Completed: comic_update - {'comic_id': 'magic-emperor', 'url': 'https://komiku.org/manga/magic-emperor'}
2025-06-02 05:45:24 - Completed: comic_update - {'comic_id': 'blue-lock', 'url': 'https://komiku.org/manga/blue-lock'}
2025-06-02 05:45:27 - Completed: comic_update - {'comic_id': 'black-clover-indonesia', 'url': 'https://komiku.org/manga/black-clover-indonesia'}
2025-06-02 05:45:32 - Completed: comic_update - {'comic_id': 'black-clover-indonesia', 'url': 'https://komiku.org/manga/black-clover-indonesia'}
2025-06-02 05:45:34 - Completed: comic_update - {'comic_id': 'black-clover-indonesia', 'url': 'https://komiku.org/manga/black-clover-indonesia'}
2025-06-02 05:45:36 - Completed: comic_update - {'comic_id': 'black-clover-indonesia', 'url': 'https://komiku.org/manga/black-clover-indonesia'}
2025-06-06 12:52:43 - INFO - [CHECKPOINT] Processing task: {'task': 'add_comic', 'url': 'https://komiku.org/manga/blue-lock'}
2025-06-06 12:52:43 - INFO - [CHECKPOINT] Processing task: {'task': 'update_comic', 'url': 'https://komiku.org/manga/magic-emperor', 'start': 1.0, 'end': 2.0, 'overwrite': False}
2025-06-06 12:52:48 - INFO - [CHECKPOINT] Selesai memproses 2 tugas, 0 tugas tersisa
2025-06-10 23:54:56 - INFO - [CHECKPOINT] Processing task: {'task': 'add_comic', 'url': 'https://komiku.org/manga/dandadan'}
2025-06-10 23:55:01 - INFO - [CHECKPOINT] Selesai memproses 1 tugas, 0 tugas tersisa
2025-06-10 23:59:47 - INFO - [CHECKPOINT] Processing task: {'task': 'add_comic', 'url': 'https://komiku.org/manga/dandadan'}
2025-06-10 23:59:52 - INFO - [CHECKPOINT] Selesai memproses 1 tugas, 0 tugas tersisa
2025-06-11 00:06:11 - INFO - [CHECKPOINT] Processing task: {'task': 'add_comic', 'url': 'https://komiku.org/manga/dandadan'}
2025-06-11 00:06:15 - INFO - [CHECKPOINT] Selesai memproses 1 tugas, 0 tugas tersisa
2025-06-11 00:14:19 - INFO - [CHECKPOINT] Processing task: {'task': 'add_comic', 'url': 'https://komiku.org/manga/dandadan'}
2025-06-11 00:14:24 - INFO - [CHECKPOINT] Selesai memproses 1 tugas, 0 tugas tersisa
2025-06-11 00:15:43 - INFO - [CHECKPOINT] Processing task: {'task': 'add_comic', 'url': 'https://komiku.org/manga/dandadan'}
2025-06-11 00:15:48 - INFO - [CHECKPOINT] Selesai memproses 1 tugas, 0 tugas tersisa
2025-06-11 00:22:50 - INFO - [CHECKPOINT] Processing task: {'task': 'add_comic', 'url': 'https://komiku.org/manga/dandadan'}
2025-06-11 00:22:54 - INFO - [CHECKPOINT] Selesai memproses 1 tugas, 0 tugas tersisa
2025-06-11 00:28:24 - INFO - [CHECKPOINT] Processing task: {'task': 'add_comic', 'url': 'https://komiku.org/manga/dandadan'}
2025-06-11 00:28:28 - INFO - [CHECKPOINT] Selesai memproses 1 tugas, 0 tugas tersisa
2025-06-11 00:32:29 - INFO - [CHECKPOINT] Processing task: {'task': 'add_comic', 'url': 'https://komiku.org/manga/dandadan'}
2025-06-11 00:32:34 - INFO - [CHECKPOINT] Selesai memproses 1 tugas, 0 tugas tersisa
2025-06-11 00:57:42 - INFO - [CHECKPOINT] Processing task: {'task': 'add_comic', 'url': 'https://komiku.org/manga/dandadan'}
2025-06-11 00:57:47 - INFO - [CHECKPOINT] Selesai memproses 1 tugas, 0 tugas tersisa
2025-06-11 01:12:46 - INFO - [CHECKPOINT] Processing task: {'task': 'add_comic', 'url': 'https://komiku.org/manga/dandadan'}
2025-06-11 01:12:52 - INFO - [CHECKPOINT] Selesai memproses 1 tugas, 0 tugas tersisa
2025-06-11 01:19:05 - INFO - [CHECKPOINT] Processing task: {'task': 'add_comic', 'url': 'https://komiku.org/manga/soul-land-2'}
2025-06-11 01:19:12 - INFO - [CHECKPOINT] Selesai memproses 1 tugas, 0 tugas tersisa
2025-06-11 01:24:31 - INFO - [CHECKPOINT] Processing task: {'task': 'add_comic', 'url': 'https://komiku.org/manga/dandadan'}
2025-06-11 01:24:35 - INFO - [CHECKPOINT] Selesai memproses 1 tugas, 0 tugas tersisa
2025-06-11 01:32:06 - INFO - [CHECKPOINT] Processing task: {'task': 'add_comic', 'url': 'https://komiku.org/manga/dandadan'}
2025-06-11 01:32:11 - INFO - [CHECKPOINT] Selesai memproses 1 tugas, 0 tugas tersisa
2025-06-11 01:33:18 - INFO - [CHECKPOINT] Processing task: {'task': 'update_comic', 'url': 'https://komiku.org/manga/soul-land-2', 'start': 1.0, 'end': 1.0, 'overwrite': False}
2025-06-11 01:33:19 - ERROR - [CHECKPOINT] Failed task: {'task': 'update_comic', 'url': 'https://komiku.org/manga/soul-land-2', 'start': 1.0, 'end': 1.0, 'overwrite': False} (name 'os' is not defined)
2025-06-11 01:33:19 - INFO - [CHECKPOINT] Selesai memproses 0 tugas, 1 tugas tersisa
2025-06-11 01:34:01 - INFO - [CHECKPOINT] Processing task: {'task': 'update_comic', 'url': 'https://komiku.org/manga/soul-land-2', 'start': 1.0, 'end': 1.0, 'overwrite': False}
2025-06-11 01:34:01 - INFO - [CHECKPOINT] Processing task: {'task': 'update_comic', 'url': 'https://komiku.org/manga/soul-land-2', 'start': 5.0, 'end': 5.0, 'overwrite': False}
2025-06-11 01:34:02 - ERROR - [CHECKPOINT] Failed task: {'task': 'update_comic', 'url': 'https://komiku.org/manga/soul-land-2', 'start': 1.0, 'end': 1.0, 'overwrite': False} (name 'os' is not defined)
2025-06-11 01:34:03 - ERROR - [CHECKPOINT] Failed task: {'task': 'update_comic', 'url': 'https://komiku.org/manga/soul-land-2', 'start': 5.0, 'end': 5.0, 'overwrite': False} (name 'os' is not defined)
2025-06-11 01:34:03 - INFO - [CHECKPOINT] Selesai memproses 0 tugas, 2 tugas tersisa
2025-06-11 01:41:34 - INFO - Processing task: {'task': 'add_comic', 'url': 'https://komiku.org/manga/dandadan'}
2025-06-11 01:41:34 - ERROR - Processing task: {'task': 'update_comic', 'url': 'https://komiku.org/manga/soul-land-2', 'start': 5.0, 'end': 5.0, 'overwrite': False}
2025-06-11 01:41:34 - INFO - Selesai memproses 2 tugas, 1 tugas tersisa
